{"level":"info","message":"ðŸŒ API Gateway running on port 3000","timestamp":"2025-08-02T02:32:52.620Z"}
{"level":"info","message":"ðŸ¥ Health check: http://localhost:3000/health","timestamp":"2025-08-02T02:32:52.621Z"}
{"level":"info","message":"ðŸ”— Service routes configured:","timestamp":"2025-08-02T02:32:52.622Z"}
{"level":"info","message":"  - /api/v1/users -> User Service","timestamp":"2025-08-02T02:32:52.622Z"}
{"level":"info","message":"  - /api/v1/auth -> User Service","timestamp":"2025-08-02T02:32:52.622Z"}
{"level":"info","message":"  - /api/v1/profiles -> User Service","timestamp":"2025-08-02T02:32:52.622Z"}
{"level":"info","message":"  - /api/v1/workouts -> Workout Service","timestamp":"2025-08-02T02:32:52.623Z"}
{"level":"info","message":"  - /api/v1/ai -> AI Service","timestamp":"2025-08-02T02:32:52.623Z"}
{"level":"info","message":"  - /api/v1/notifications -> Notification Service","timestamp":"2025-08-02T02:32:52.623Z"}
{"level":"info","message":{"ip":"::1","method":"GET","timestamp":"2025-08-02T02:33:01.328Z","url":"/api/v1/notifications/health","userAgent":"Mozilla/5.0 (Windows NT; Windows NT 10.0; en-GB) WindowsPowerShell/5.1.26100.4768"},"timestamp":"2025-08-02T02:33:01.328Z"}
{"level":"info","message":{"ip":"::1","method":"GET","timestamp":"2025-08-02T02:48:00.601Z","url":"/health","userAgent":"node"},"timestamp":"2025-08-02T02:48:00.601Z"}
{"level":"info","message":{"ip":"::1","method":"GET","timestamp":"2025-08-02T02:48:02.631Z","url":"/health","userAgent":"node"},"timestamp":"2025-08-02T02:48:02.631Z"}
{"level":"info","message":{"ip":"::1","method":"GET","timestamp":"2025-08-02T02:48:04.638Z","url":"/health","userAgent":"node"},"timestamp":"2025-08-02T02:48:04.638Z"}
{"level":"info","message":{"ip":"::1","method":"GET","timestamp":"2025-08-02T02:48:06.658Z","url":"/health","userAgent":"node"},"timestamp":"2025-08-02T02:48:06.658Z"}
{"level":"info","message":{"ip":"::1","method":"GET","timestamp":"2025-08-02T02:48:08.667Z","url":"/health","userAgent":"node"},"timestamp":"2025-08-02T02:48:08.667Z"}
{"level":"info","message":{"ip":"::1","method":"GET","timestamp":"2025-08-02T02:48:10.675Z","url":"/health","userAgent":"node"},"timestamp":"2025-08-02T02:48:10.675Z"}
{"level":"info","message":{"ip":"::1","method":"GET","timestamp":"2025-08-02T02:48:12.684Z","url":"/health","userAgent":"node"},"timestamp":"2025-08-02T02:48:12.684Z"}
{"level":"info","message":{"ip":"::1","method":"GET","timestamp":"2025-08-02T02:48:14.690Z","url":"/health","userAgent":"node"},"timestamp":"2025-08-02T02:48:14.690Z"}
{"level":"info","message":{"ip":"::1","method":"GET","timestamp":"2025-08-02T02:48:16.700Z","url":"/health","userAgent":"node"},"timestamp":"2025-08-02T02:48:16.700Z"}
{"level":"info","message":{"ip":"::1","method":"GET","timestamp":"2025-08-02T02:48:18.709Z","url":"/health","userAgent":"node"},"timestamp":"2025-08-02T02:48:18.709Z"}
{"level":"info","message":{"ip":"::1","method":"GET","timestamp":"2025-08-02T02:48:20.718Z","url":"/health","userAgent":"node"},"timestamp":"2025-08-02T02:48:20.718Z"}
{"level":"info","message":{"ip":"::1","method":"GET","timestamp":"2025-08-02T02:48:22.729Z","url":"/health","userAgent":"node"},"timestamp":"2025-08-02T02:48:22.729Z"}
{"level":"info","message":{"ip":"::1","method":"GET","timestamp":"2025-08-02T02:48:24.740Z","url":"/health","userAgent":"node"},"timestamp":"2025-08-02T02:48:24.740Z"}
{"level":"info","message":{"ip":"::1","method":"GET","timestamp":"2025-08-02T02:48:26.754Z","url":"/health","userAgent":"node"},"timestamp":"2025-08-02T02:48:26.754Z"}
{"level":"info","message":{"ip":"::1","method":"GET","timestamp":"2025-08-02T02:48:28.759Z","url":"/health","userAgent":"node"},"timestamp":"2025-08-02T02:48:28.759Z"}
{"level":"info","message":{"ip":"::1","method":"GET","timestamp":"2025-08-02T02:48:30.769Z","url":"/health","userAgent":"node"},"timestamp":"2025-08-02T02:48:30.769Z"}
{"level":"info","message":{"ip":"::1","method":"GET","timestamp":"2025-08-02T02:48:32.780Z","url":"/health","userAgent":"node"},"timestamp":"2025-08-02T02:48:32.780Z"}
{"level":"info","message":{"ip":"::1","method":"GET","timestamp":"2025-08-02T02:48:34.797Z","url":"/health","userAgent":"node"},"timestamp":"2025-08-02T02:48:34.797Z"}
{"level":"info","message":{"ip":"::1","method":"GET","timestamp":"2025-08-02T02:48:36.805Z","url":"/health","userAgent":"node"},"timestamp":"2025-08-02T02:48:36.805Z"}
{"level":"info","message":{"ip":"::1","method":"GET","timestamp":"2025-08-02T02:48:38.819Z","url":"/health","userAgent":"node"},"timestamp":"2025-08-02T02:48:38.819Z"}
{"level":"info","message":{"ip":"::1","method":"GET","timestamp":"2025-08-02T02:48:40.830Z","url":"/health","userAgent":"node"},"timestamp":"2025-08-02T02:48:40.830Z"}
{"level":"info","message":{"ip":"::1","method":"GET","timestamp":"2025-08-02T02:52:47.399Z","url":"/health","userAgent":"Mozilla/5.0 (Windows NT; Windows NT 10.0; en-GB) WindowsPowerShell/5.1.26100.4768"},"timestamp":"2025-08-02T02:52:47.399Z"}
