{"level":"info","message":"🔔 Notification Service running on port 3004","timestamp":"2025-08-02T02:31:23.391Z"}
{"level":"info","message":"🏥 Health check: http://localhost:3004/health","timestamp":"2025-08-02T02:31:23.393Z"}
{"level":"info","message":"🌐 WebSocket server ready for real-time notifications","timestamp":"2025-08-02T02:31:23.394Z"}
{"level":"info","message":{"ip":"::1","method":"GET","service":"notification-service","timestamp":"2025-08-02T02:33:01.354Z","url":"/api/v1/notifications/health"},"timestamp":"2025-08-02T02:33:01.354Z"}
{"level":"info","message":{"ip":"::1","method":"GET","service":"notification-service","timestamp":"2025-08-02T02:48:00.602Z","url":"/health"},"timestamp":"2025-08-02T02:48:00.602Z"}
{"level":"info","message":{"ip":"::1","method":"GET","service":"notification-service","timestamp":"2025-08-02T02:48:02.633Z","url":"/health"},"timestamp":"2025-08-02T02:48:02.633Z"}
{"level":"info","message":{"ip":"::1","method":"GET","service":"notification-service","timestamp":"2025-08-02T02:48:04.639Z","url":"/health"},"timestamp":"2025-08-02T02:48:04.639Z"}
{"level":"info","message":{"ip":"::1","method":"GET","service":"notification-service","timestamp":"2025-08-02T02:48:06.658Z","url":"/health"},"timestamp":"2025-08-02T02:48:06.658Z"}
{"level":"info","message":{"ip":"::1","method":"GET","service":"notification-service","timestamp":"2025-08-02T02:48:08.669Z","url":"/health"},"timestamp":"2025-08-02T02:48:08.669Z"}
{"level":"info","message":{"ip":"::1","method":"GET","service":"notification-service","timestamp":"2025-08-02T02:48:10.676Z","url":"/health"},"timestamp":"2025-08-02T02:48:10.676Z"}
{"level":"info","message":{"ip":"::1","method":"GET","service":"notification-service","timestamp":"2025-08-02T02:48:12.684Z","url":"/health"},"timestamp":"2025-08-02T02:48:12.684Z"}
{"level":"info","message":{"ip":"::1","method":"GET","service":"notification-service","timestamp":"2025-08-02T02:48:14.690Z","url":"/health"},"timestamp":"2025-08-02T02:48:14.690Z"}
{"level":"info","message":{"ip":"::1","method":"GET","service":"notification-service","timestamp":"2025-08-02T02:48:16.701Z","url":"/health"},"timestamp":"2025-08-02T02:48:16.701Z"}
{"level":"info","message":{"ip":"::1","method":"GET","service":"notification-service","timestamp":"2025-08-02T02:48:18.710Z","url":"/health"},"timestamp":"2025-08-02T02:48:18.710Z"}
{"level":"info","message":{"ip":"::1","method":"GET","service":"notification-service","timestamp":"2025-08-02T02:48:20.719Z","url":"/health"},"timestamp":"2025-08-02T02:48:20.719Z"}
{"level":"info","message":{"ip":"::1","method":"GET","service":"notification-service","timestamp":"2025-08-02T02:48:22.730Z","url":"/health"},"timestamp":"2025-08-02T02:48:22.730Z"}
{"level":"info","message":{"ip":"::1","method":"GET","service":"notification-service","timestamp":"2025-08-02T02:48:24.741Z","url":"/health"},"timestamp":"2025-08-02T02:48:24.741Z"}
{"level":"info","message":{"ip":"::1","method":"GET","service":"notification-service","timestamp":"2025-08-02T02:48:26.754Z","url":"/health"},"timestamp":"2025-08-02T02:48:26.754Z"}
{"level":"info","message":{"ip":"::1","method":"GET","service":"notification-service","timestamp":"2025-08-02T02:48:28.760Z","url":"/health"},"timestamp":"2025-08-02T02:48:28.760Z"}
{"level":"info","message":{"ip":"::1","method":"GET","service":"notification-service","timestamp":"2025-08-02T02:48:30.769Z","url":"/health"},"timestamp":"2025-08-02T02:48:30.769Z"}
{"level":"info","message":{"ip":"::1","method":"GET","service":"notification-service","timestamp":"2025-08-02T02:48:32.780Z","url":"/health"},"timestamp":"2025-08-02T02:48:32.780Z"}
{"level":"info","message":{"ip":"::1","method":"GET","service":"notification-service","timestamp":"2025-08-02T02:48:34.798Z","url":"/health"},"timestamp":"2025-08-02T02:48:34.798Z"}
{"level":"info","message":{"ip":"::1","method":"GET","service":"notification-service","timestamp":"2025-08-02T02:48:36.806Z","url":"/health"},"timestamp":"2025-08-02T02:48:36.806Z"}
{"level":"info","message":{"ip":"::1","method":"GET","service":"notification-service","timestamp":"2025-08-02T02:48:38.821Z","url":"/health"},"timestamp":"2025-08-02T02:48:38.821Z"}
{"level":"info","message":{"ip":"::1","method":"GET","service":"notification-service","timestamp":"2025-08-02T02:48:40.830Z","url":"/health"},"timestamp":"2025-08-02T02:48:40.830Z"}
{"level":"info","message":{"ip":"::1","method":"GET","service":"notification-service","timestamp":"2025-08-02T02:53:10.945Z","url":"/health"},"timestamp":"2025-08-02T02:53:10.945Z"}
